<?xml version="1.0" encoding="UTF-8"?>
<!-- Generated by org.testng.reporters.JUnitXMLReporter -->
<testsuite ignored="4" hostname="Mehedi" failures="0" tests="3" name="CombinedPackageTest" time="131.87" errors="0" timestamp="2025-04-19T04:23:55 BDT">
  <testcase classname="com.mehedi.hasan.tests.signInTest" name="signInBook" time="30.074"/>
  <testcase classname="com.mehedi.hasan.tests.logInTest" name="LogInTest" time="24.261"/>
  <testcase classname="com.mehedi.hasan.tests.orderProcess" name="orderTest" time="53.732"/>
  <testcase classname="com.mehedi.hasan.drivers.BaseDriver" name="@AfterSuite closeBrowse" time="0.0">
    <ignored/>
  </testcase> <!-- @AfterSuite closeBrowse -->
  <testcase classname="com.mehedi.hasan.drivers.BaseDriver" name="@BeforeSuite StartBrowser" time="0.0">
    <ignored/>
  </testcase> <!-- @BeforeSuite StartBrowser -->
  <testcase classname="com.mehedi.hasan.drivers.BaseDriver" name="@AfterSuite closeBrowse" time="0.0">
    <ignored/>
  </testcase> <!-- @AfterSuite closeBrowse -->
  <testcase classname="com.mehedi.hasan.drivers.BaseDriver" name="@BeforeSuite StartBrowser" time="0.0">
    <ignored/>
  </testcase> <!-- @BeforeSuite StartBrowser -->
</testsuite> <!-- CombinedPackageTest -->
