<?xml version="1.0" encoding="UTF-8"?>
<testng-results ignored="0" total="3" passed="3" failed="0" skipped="0">
  <reporter-output>
  </reporter-output>
  <suite started-at="2025-04-19T04:21:43 BDT" name="FullTestSuite" finished-at="2025-04-19T04:23:55 BDT" duration-ms="131870">
    <groups>
    </groups>
    <test started-at="2025-04-19T04:21:43 BDT" name="CombinedPackageTest" finished-at="2025-04-19T04:23:55 BDT" duration-ms="131870">
      <class name="com.mehedi.hasan.tests.logInTest">
        <test-method is-config="true" signature="openUrl()[pri:0, instance:com.mehedi.hasan.tests.logInTest@2cd76f31]" started-at="2025-04-19T04:22:25 BDT" name="openUrl" finished-at="2025-04-19T04:22:32 BDT" duration-ms="6682" status="PASS">
          <reporter-output>
          </reporter-output>
        </test-method> <!-- openUrl -->
        <test-method signature="LogInTest()[pri:0, instance:com.mehedi.hasan.tests.logInTest@2cd76f31]" started-at="2025-04-19T04:22:32 BDT" name="LogInTest" finished-at="2025-04-19T04:22:56 BDT" duration-ms="24261" status="PASS">
          <reporter-output>
          </reporter-output>
        </test-method> <!-- LogInTest -->
        <test-method is-config="true" signature="report()[pri:0, instance:com.mehedi.hasan.tests.logInTest@2cd76f31]" started-at="2025-04-19T04:22:56 BDT" name="report" finished-at="2025-04-19T04:22:56 BDT" duration-ms="175" status="PASS">
          <reporter-output>
          </reporter-output>
        </test-method> <!-- report -->
      </class> <!-- com.mehedi.hasan.tests.logInTest -->
      <class name="com.mehedi.hasan.tests.signInTest">
        <test-method is-config="true" signature="StartBrowser()[pri:0, instance:com.mehedi.hasan.tests.signInTest@4e08711f]" started-at="2025-04-19T04:21:40 BDT" name="StartBrowser" finished-at="2025-04-19T04:21:43 BDT" duration-ms="2985" status="PASS">
          <reporter-output>
          </reporter-output>
        </test-method> <!-- StartBrowser -->
        <test-method is-config="true" signature="openUrl()[pri:0, instance:com.mehedi.hasan.tests.signInTest@4e08711f]" started-at="2025-04-19T04:21:43 BDT" name="openUrl" finished-at="2025-04-19T04:21:54 BDT" duration-ms="10978" status="PASS">
          <reporter-output>
          </reporter-output>
        </test-method> <!-- openUrl -->
        <test-method signature="signInBook()[pri:0, instance:com.mehedi.hasan.tests.signInTest@4e08711f]" started-at="2025-04-19T04:21:54 BDT" name="signInBook" finished-at="2025-04-19T04:22:24 BDT" duration-ms="30074" status="PASS">
          <reporter-output>
          </reporter-output>
        </test-method> <!-- signInBook -->
        <test-method is-config="true" signature="report()[pri:0, instance:com.mehedi.hasan.tests.signInTest@4e08711f]" started-at="2025-04-19T04:22:24 BDT" name="report" finished-at="2025-04-19T04:22:25 BDT" duration-ms="677" status="PASS">
          <reporter-output>
          </reporter-output>
        </test-method> <!-- report -->
        <test-method is-config="true" signature="closeBrowse()[pri:0, instance:com.mehedi.hasan.tests.signInTest@4e08711f]" started-at="2025-04-19T04:23:55 BDT" name="closeBrowse" finished-at="2025-04-19T04:23:55 BDT" duration-ms="176" status="PASS">
          <reporter-output>
          </reporter-output>
        </test-method> <!-- closeBrowse -->
      </class> <!-- com.mehedi.hasan.tests.signInTest -->
      <class name="com.mehedi.hasan.tests.orderProcess">
        <test-method is-config="true" signature="openUrl()[pri:0, instance:com.mehedi.hasan.tests.orderProcess@367ffa75]" started-at="2025-04-19T04:22:56 BDT" name="openUrl" finished-at="2025-04-19T04:23:01 BDT" duration-ms="4995" status="PASS">
          <reporter-output>
          </reporter-output>
        </test-method> <!-- openUrl -->
        <test-method signature="orderTest()[pri:0, instance:com.mehedi.hasan.tests.orderProcess@367ffa75]" started-at="2025-04-19T04:23:01 BDT" name="orderTest" finished-at="2025-04-19T04:23:55 BDT" duration-ms="53732" status="PASS">
          <reporter-output>
          </reporter-output>
        </test-method> <!-- orderTest -->
        <test-method is-config="true" signature="report()[pri:0, instance:com.mehedi.hasan.tests.orderProcess@367ffa75]" started-at="2025-04-19T04:23:55 BDT" name="report" finished-at="2025-04-19T04:23:55 BDT" duration-ms="201" status="PASS">
          <reporter-output>
          </reporter-output>
        </test-method> <!-- report -->
      </class> <!-- com.mehedi.hasan.tests.orderProcess -->
    </test> <!-- CombinedPackageTest -->
  </suite> <!-- FullTestSuite -->
</testng-results>
